<?xml version="1.0" encoding="UTF-8"?>
<!-- Generated by org.testng.reporters.JUnitReportReporter -->
<testsuite hostname="DESKTOP-D0CBQ9K" failures="0" tests="1" name="Project1_Test.TestCase10_UpdateQuantity_RemoveItem" time="25.175" errors="0" timestamp="2024-06-12T23:58:59 IST" skipped="0">
  <testcase classname="Project1_Test.TestCase10_UpdateQuantity_RemoveItem" name="testcase10" time="25.175"/>
  <system-out/>
</testsuite> <!-- Project1_Test.TestCase10_UpdateQuantity_RemoveItem -->
