<?xml version="1.0" encoding="UTF-8"?>
<!-- Generated by org.testng.reporters.JUnitReportReporter -->
<testsuite hostname="DESKTOP-D0CBQ9K" failures="0" tests="1" name="Maven_Pom_Concept_package.Maven_Pom_Concept_Project.TestCase3_Login_To_Payement" time="31.273" errors="0" timestamp="2024-05-29T15:47:36 IST" skipped="0">
  <testcase classname="Maven_Pom_Concept_package.Maven_Pom_Concept_Project.TestCase3_Login_To_Payement" name="login_To_Payment" time="31.273"/>
  <system-out/>
</testsuite> <!-- Maven_Pom_Concept_package.Maven_Pom_Concept_Project.TestCase3_Login_To_Payement -->
