<?xml version="1.0" encoding="UTF-8"?>
<!-- Generated by org.testng.reporters.JUnitReportReporter -->
<testsuite hostname="DESKTOP-D0CBQ9K" failures="0" tests="1" name="Maven_Pom_Concept_package.Maven_Pom_Concept_Project.TestCase1_Login_To_Cart" time="22.126" errors="0" timestamp="2024-05-29T15:45:47 IST" skipped="0">
  <testcase classname="Maven_Pom_Concept_package.Maven_Pom_Concept_Project.TestCase1_Login_To_Cart" name="login_till_Cart" time="22.126"/>
  <system-out/>
</testsuite> <!-- Maven_Pom_Concept_package.Maven_Pom_Concept_Project.TestCase1_Login_To_Cart -->
