<?xml version="1.0" encoding="UTF-8"?>
<!-- Generated by org.testng.reporters.JUnitReportReporter -->
<testsuite hostname="DESKTOP-D0CBQ9K" failures="0" tests="1" name="Project1_Test.TestCase13_ApplyCouponCode" time="44.818" errors="0" timestamp="2024-06-13T16:38:30 IST" skipped="0">
  <testcase classname="Project1_Test.TestCase13_ApplyCouponCode" name="testcase13" time="44.818"/>
  <system-out/>
</testsuite> <!-- Project1_Test.TestCase13_ApplyCouponCode -->
