<?xml version="1.0" encoding="UTF-8"?>
<!-- Generated by org.testng.reporters.JUnitReportReporter -->
<testsuite hostname="DESKTOP-D0CBQ9K" failures="0" tests="1" name="Project1_Test.TestCase4_EditProfileInformation" time="14.911" errors="0" timestamp="2024-06-01T03:20:55 IST" skipped="0">
  <testcase classname="Project1_Test.TestCase4_EditProfileInformation" name="testcase4" time="14.911"/>
  <system-out/>
</testsuite> <!-- Project1_Test.TestCase4_EditProfileInformation -->
