<?xml version="1.0" encoding="UTF-8"?>
<!-- Generated by org.testng.reporters.JUnitReportReporter -->
<testsuite hostname="DESKTOP-D0CBQ9K" failures="0" tests="1" name="Maven_Pom_Concept_package.Maven_Pom_Concept_Project.TestCase2_Login_Sort_Logout" time="22.089" errors="0" timestamp="2024-05-29T15:46:34 IST" skipped="0">
  <testcase classname="Maven_Pom_Concept_package.Maven_Pom_Concept_Project.TestCase2_Login_Sort_Logout" name="Login_Sort_Logout" time="22.089"/>
  <system-out/>
</testsuite> <!-- Maven_Pom_Concept_package.Maven_Pom_Concept_Project.TestCase2_Login_Sort_Logout -->
