<?xml version="1.0" encoding="UTF-8"?>
<!-- Generated by org.testng.reporters.JUnitReportReporter -->
<testsuite hostname="DESKTOP-D0CBQ9K" failures="0" tests="1" name="Project1_Test.TestCase9_VerifyAddCart_FromProductPage" time="23.646" errors="0" timestamp="2024-06-05T18:45:52 IST" skipped="0">
  <testcase classname="Project1_Test.TestCase9_VerifyAddCart_FromProductPage" name="testcase7" time="23.646"/>
  <system-out/>
</testsuite> <!-- Project1_Test.TestCase9_VerifyAddCart_FromProductPage -->
