<?xml version="1.0" encoding="UTF-8"?>
<!-- Generated by org.testng.reporters.JUnitReportReporter -->
<testsuite hostname="DESKTOP-D0CBQ9K" failures="0" tests="1" name="Project1_Test.TestCase14" time="23.566" errors="0" timestamp="2024-06-13T16:56:54 IST" skipped="0">
  <testcase classname="Project1_Test.TestCase14" name="testcase4" time="23.566"/>
  <system-out/>
</testsuite> <!-- Project1_Test.TestCase14 -->
