<?xml version="1.0" encoding="UTF-8"?>
<!-- Generated by org.testng.reporters.JUnitReportReporter -->
<testsuite hostname="DESKTOP-D0CBQ9K" failures="0" tests="1" name="Project1_Test.TestCase8_SortByPriceAndRating" time="26.068" errors="0" timestamp="2024-06-12T22:46:55 IST" skipped="0">
  <testcase classname="Project1_Test.TestCase8_SortByPriceAndRating" name="testcase8" time="26.068"/>
  <system-out/>
</testsuite> <!-- Project1_Test.TestCase8_SortByPriceAndRating -->
