<?xml version="1.0" encoding="UTF-8"?>
<!-- Generated by org.testng.reporters.JUnitReportReporter -->
<testsuite hostname="DESKTOP-D0CBQ9K" failures="0" tests="1" name="Project1_Test.TestCase7_NecessaryInformationOnProductDetailPage" time="29.177" errors="0" timestamp="2024-06-05T17:27:00 IST" skipped="0">
  <testcase classname="Project1_Test.TestCase7_NecessaryInformationOnProductDetailPage" name="testcase6" time="29.177"/>
  <system-out/>
</testsuite> <!-- Project1_Test.TestCase7_NecessaryInformationOnProductDetailPage -->
