<?xml version="1.0" encoding="UTF-8"?>
<!-- Generated by org.testng.reporters.JUnitReportReporter -->
<testsuite hostname="DESKTOP-D0CBQ9K" failures="0" tests="1" name="Project1_Test.TestCase5_SeachProduct" time="14.172" errors="0" timestamp="2024-06-01T03:38:40 IST" skipped="0">
  <testcase classname="Project1_Test.TestCase5_SeachProduct" name="testcase5" time="14.172"/>
  <system-out/>
</testsuite> <!-- Project1_Test.TestCase5_SeachProduct -->
