<?xml version="1.0" encoding="UTF-8"?>
<!-- Generated by org.testng.reporters.JUnitReportReporter -->
<testsuite hostname="DESKTOP-D0CBQ9K" failures="0" tests="1" name="Project1_Test.TestCase12" time="34.431" errors="0" timestamp="2024-06-14T17:58:35 IST" skipped="0">
  <testcase classname="Project1_Test.TestCase12" name="testcase10" time="34.431"/>
  <system-out/>
</testsuite> <!-- Project1_Test.TestCase12 -->
