<?xml version="1.0" encoding="UTF-8"?>
<!-- Generated by org.testng.reporters.JUnitReportReporter -->
<testsuite hostname="DESKTOP-D0CBQ9K" failures="0" tests="1" name="Project1_Test.TestCase9_AddCart_FromProductPage" time="23.507" errors="0" timestamp="2024-06-05T18:39:59 IST" skipped="0">
  <testcase classname="Project1_Test.TestCase9_AddCart_FromProductPage" name="testcase7" time="23.507"/>
  <system-out/>
</testsuite> <!-- Project1_Test.TestCase9_AddCart_FromProductPage -->
